<?xml version="1.0" encoding="UTF-8"?>
<!-- Generated by org.testng.reporters.JUnitReportReporter -->
<testsuite skipped="2" hostname="simuns-Air.home" name="tests.test2" tests="3" failures="0" timestamp="01 May 2018 18:46:44 GMT" time="0.006" errors="0">
  <testcase name="d" time="0.003" classname="tests.test2">
    <skipped/>
  </testcase> <!-- d -->
  <testcase name="f" time="0.003" classname="tests.test2"/>
  <testcase name="e" classname="tests.test2">
    <skipped/>
  </testcase> <!-- e -->
</testsuite> <!-- tests.test2 -->
