<?xml version="1.0" encoding="UTF-8"?>
<!-- Generated by org.testng.reporters.JUnitReportReporter -->
<testsuite skipped="0" hostname="simuns-Air.home" name="project1.hw1" tests="1" failures="0" timestamp="30 Apr 2018 16:33:54 GMT" time="0.012" errors="0">
  <testcase name="cross" time="0.012" classname="project1.hw1"/>
</testsuite> <!-- project1.hw1 -->
