<?xml version="1.0" encoding="UTF-8"?>
<!-- Generated by org.testng.reporters.JUnitReportReporter -->
<testsuite skipped="0" hostname="simuns-Air.home" name="tests.test3" tests="3" failures="0" timestamp="01 May 2018 18:46:44 GMT" time="0.007" errors="0">
  <testcase name="c" time="0.002" classname="tests.test3"/>
  <testcase name="b" time="0.003" classname="tests.test3"/>
  <testcase name="a" time="0.002" classname="tests.test3"/>
</testsuite> <!-- tests.test3 -->
