<?xml version="1.0" encoding="UTF-8"?>
<!-- Generated by org.testng.reporters.JUnitReportReporter -->
<testsuite skipped="0" hostname="simuns-Air.home" name="project1.tc1" tests="1" failures="0" timestamp="30 Apr 2018 16:38:50 GMT" time="3.807" errors="0">
  <testcase name="cross" time="3.807" classname="project1.tc1"/>
</testsuite> <!-- project1.tc1 -->
